17 8033 7426 9925 8975 4213 7262 7585 2488 6571 2104 3559 2437 9524 9519 6091 3876 7652 
20 333 7418 8137 2390 8279 507 4955 9647 744 755 9726 7943 6071 9597 4508 6076 378 3580 2915 8631 
31 6599 8415 8356 9787 2042 6416 1276 7251 2430 7784 5235 54 7766 8178 1233 3286 7075 4633 914 67 2576 1502 2733 5708 6031 6391 6013 677 6269 2267 3829 
21 8141 9145 6885 397 956 1516 5301 3136 3137 2413 3983 433 5825 6355 2240 9881 6713 3154 722 573 2157 
19 719 306 2981 9312 7564 1866 1710 7085 9518 763 1591 8856 3697 9333 9950 9444 6164 1533 7234 
31 2603 7937 1753 540 6928 2053 256 2221 2061 4560 2524 4221 5791 5281 2055 2800 3942 2615 4603 9066 7499 4106 3365 1546 5607 8433 6583 978 6184 1653 5418 
22 2446 215 462 4597 2916 2129 5175 4728 7942 4577 157 2271 1043 6146 2598 7749 823 3084 5776 8583 6673 1181 
31 7138 6857 7173 7060 4251 9289 7406 4486 9375 6711 8322 6878 3449 9334 2348 1701 8787 989 2821 1970 6223 3287 6054 4711 7169 4308 1263 1594 4184 6017 7649 
31 4523 5653 8447 2769 1267 7115 3322 9803 927 9186 2076 9634 8435 5064 6850 6009 2125 8599 6839 2665 9801 2612 6086 8852 5225 9003 942 2953 6179 9418 282 
26 1769 7590 8320 8152 8046 2238 6007 8471 4432 1253 6657 9310 1915 9497 301 2312 8662 3255 461 772 7565 7480 1119 2216 1786 9563 
19 9832 4289 7610 610 710 2068 3065 8332 9294 2988 7465 3538 4242 7154 5996 4964 7049 8753 6202 
28 2851 9159 81 7436 3086 1342 7473 564 907 533 2945 2466 6104 7127 5577 267 8674 8905 2162 4245 3749 4150 4196 240 3554 582 9152 2444 
27 9321 4661 3660 8594 1521 9899 8204 4323 9660 7983 7258 2948 5854 4146 6247 3445 2816 7302 7119 4291 8576 5819 3842 2881 8479 4875 3444 
27 1141 5206 9128 6214 862 8884 7380 902 4096 6456 4589 8734 9462 6454 7815 9367 193 1122 4693 6336 3497 947 9512 4369 7107 6858 9582 
24 7914 5260 1239 1969 6427 7980 9658 1852 6581 1802 2373 5488 9118 812 9429 5331 5164 1506 5754 3311 8298 4708 277 3758 
34 2805 5324 4458 9104 4587 9315 5821 1622 5822 1293 7466 5425 7240 5440 6908 1680 3310 6721 2666 5067 583 6365 1640 8229 7350 1563 4705 3413 2871 9468 7435 7595 5586 5930 
35 8561 3145 5520 9756 2242 9622 2794 1602 5052 3858 9993 6364 5071 5395 2675 2020 2833 1698 4525 8597 1571 9021 8531 2787 6911 5190 5560 9905 7734 4329 6546 20 8918 617 7568 
32 9340 4338 4273 2762 4386 6069 9260 6163 5637 8968 8652 8661 2835 7953 1899 6807 8124 1480 2270 6894 6805 767 5004 7281 1305 9023 8323 9971 2306 8360 7272 7492 
30 724 3827 4 5345 6105 7006 7723 9719 3986 3506 7761 6522 345 7390 4002 5378 3550 407 9295 3512 2356 6131 4138 2264 7713 7738 7106 6216 6952 4605 
29 9822 3411 2000 1909 6553 5542 3281 6233 425 7621 5314 8907 39 9654 4147 6521 7560 7826 9511 4010 2047 8984 2501 7413 531 3406 6320 8363 8670 
33 9191 962 1247 2005 7995 6482 1322 4975 294 2279 7415 1083 6586 4262 51 4919 3677 1832 5541 3204 6122 8095 9239 828 8343 9691 7125 2261 7764 1928 1793 547 7260 
32 327 4804 3462 1835 7383 3482 553 9406 8025 3176 7393 5367 9618 8008 1126 6946 1789 5394 3052 354 1646 8209 967 1966 9924 9301 940 7998 426 8132 7502 3375 
30 3016 1466 681 8090 6330 7320 1593 7110 6379 5119 1735 5279 257 3670 1870 3553 2219 8023 4883 5003 5338 4971 5792 4781 9195 7052 1857 8940 79 5016 
27 5919 5209 7394 5500 4480 7985 421 479 5945 3871 6817 7664 3243 1694 5913 2757 247 9271 9602 9036 2831 668 1716 8928 2213 4590 287 
28 2584 8453 3831 2098 3060 2343 5302 3346 7812 7650 4140 2078 9871 9760 4441 2200 4211 7310 913 6769 162 2866 6659 4712 7463 7996 7788 7362 
32 9696 804 4949 3039 8134 9382 1139 7147 3744 794 1066 2748 684 5797 790 3028 4145 9964 55 5909 8688 5663 1843 4772 3296 5725 2703 769 6028 4968 6626 8909 
26 3440 6808 784 3804 5368 3557 2301 4358 8687 5311 5238 1056 1358 412 1496 6302 5727 9560 1828 1736 2910 9171 3115 374 4228 1162 
33 9738 7318 5387 5144 2168 3844 1737 460 6099 2746 1779 6097 9158 4667 5800 6697 4779 8886 6378 1439 6432 9373 9776 7780 1231 4819 5665 6077 2579 5380 4361 8167 7555 
25 3104 7678 9202 417 4436 9848 6452 1151 3905 4092 3543 313 1034 9588 954 1456 4112 136 7306 3924 7563 3081 4947 3760 3810 
29 4260 5938 3992 7475 6731 5424 9268 792 6284 5433 1603 4028 5890 2610 2354 6398 5689 7909 834 6700 3309 6058 2398 8902 9987 2976 5660 8640 7654 
33 9814 5552 5886 3733 3027 9951 2126 2263 6600 4777 1238 4958 8944 4888 4831 8296 2276 4893 8190 5505 1087 1755 9402 1869 9638 6248 8953 6762 4352 9481 7850 6148 6264 
29 7229 5388 4994 9073 1339 590 1300 9635 6519 9200 3171 9490 6954 8691 8476 9140 4928 2549 3046 1685 3661 1811 1576 892 7386 2454 6011 5196 1596 
33 6440 6424 7136 8544 7699 5185 8737 1871 7149 7838 6473 6814 7336 9704 7365 8217 6724 5602 2893 1286 7446 3726 8742 9608 1184 6942 6189 6633 3601 948 3008 7456 969 
30 3832 5535 3050 5492 2795 2847 8166 9076 3405 2179 3711 1020 8833 7344 9035 5695 2256 2845 7044 1950 8107 538 1057 5655 1234 46 6201 218 9912 9637 
27 45 2672 6096 1541 9554 4692 4315 8943 252 9651 2011 5219 3508 7779 6967 6987 3729 9686 4380 1287 2123 1791 5918 192 9204 9452 2634 
31 6042 2223 5207 9858 7144 2139 3762 2832 4858 7361 6280 7400 7018 9800 6749 2759 5804 6079 803 7961 3564 7141 9945 269 1446 6636 5902 8788 3909 6172 4300 
27 3902 4322 2186 273 3991 3128 9752 8445 5148 6874 9339 7419 2539 1228 2014 9681 673 5246 3596 7501 5194 4686 5651 8179 8011 4746 497 
29 1999 5455 102 4466 6516 1465 3335 8040 4413 3121 5010 987 7884 6483 1292 5737 5493 112 8529 4070 9266 7920 2700 5445 4651 4884 4097 5344 6014 
27 2635 9957 5062 3898 5654 3049 9690 3318 7275 8249 9855 6018 7199 6174 8035 8186 774 2192 5933 9016 3591 4036 9026 4339 5844 6865 4978 
25 8128 7286 2140 62 3144 8001 4101 7355 7612 7058 9567 4357 7363 4438 248 2374 890 6602 3853 2503 2441 5033 1550 9505 1327 
27 8598 6463 7402 9052 5448 3579 9272 1442 9737 3941 3364 6993 1498 7043 7108 3705 7236 6455 3809 3788 5538 827 4663 1570 6587 503 7153 
30 9180 910 5668 7744 3780 7671 8760 6112 8213 3412 6773 6111 7844 2889 955 2632 4125 6396 5346 3217 197 3357 2421 7987 1607 8187 1891 7478 7741 6625 
30 6056 7584 1717 6237 5726 8257 6738 5584 6057 7727 87 2946 6375 8883 4371 3885 1616 2997 2764 5319 6608 5088 9711 5518 8929 451 8416 5681 6639 6157 
30 8545 6785 5955 1577 4046 9909 6244 5163 2135 3272 5894 7950 7130 274 4310 7013 6698 3458 5060 4324 1501 7437 9245 9508 4646 5864 6029 1323 6881 5690 
23 1434 7186 9581 6340 6410 4205 4722 2799 5012 4822 6296 9247 6082 693 1351 6487 9325 9162 650 3459 4121 9849 8308 
32 4960 9351 7695 2954 4950 3036 899 6634 6844 2689 7605 7531 3771 2643 986 1664 1847 249 481 2321 4943 6469 3276 7289 488 6260 5985 2268 2706 4353 126 7534 
33 9049 596 5213 2555 8751 3476 9456 2228 1236 7468 4044 4266 1206 1553 8362 234 6134 5533 7848 361 2688 7069 9684 6536 7977 4979 748 4913 2308 8060 8353 2007 8314 
31 7901 13 9413 6791 3562 9629 4067 9967 6551 5018 300 194 6741 3382 2464 5420 8666 5614 8773 945 5733 6020 7067 5316 2545 160 5515 4674 9962 4105 1651 
25 9392 6889 4573 9251 676 452 1485 7037 5000 6409 8283 3067 758 3843 543 8524 9086 501 8736 7726 1812 9573 7806 7775 85 
23 6130 2873 4183 2707 8258 9044 1319 3850 5202 5642 6624 9252 4492 9411 7999 9199 761 3447 3041 752 2778 4418 6173 
26 8099 9913 1677 7036 4442 168 9708 9593 9898 924 6811 1761 3657 7948 1906 5299 8295 4207 398 1481 8647 5780 344 1967 6141 3082 
33 2698 6819 7572 576 238 4652 2924 4724 394 1433 9810 2184 2120 4645 7378 1246 3776 8839 7218 5672 1613 8160 4536 8112 8247 1385 2567 2751 8619 1991 6960 3595 845 
29 3632 6497 5136 8568 2966 9270 6860 5639 5699 204 9466 3320 904 9598 1987 1886 7836 7685 7506 8947 8643 18 195 8244 4155 3014 5633 8589 7978 
28 2150 6570 9157 817 1675 1025 1564 7703 7629 7135 2802 1667 1749 8422 7725 5252 5986 8444 4209 8357 7366 8626 3706 8695 7399 6637 5729 8548 
24 9890 286 280 5160 1547 308 117 6707 2071 2465 2897 4782 5718 8015 4162 6518 8702 1605 8065 8838 937 4087 63 7756 
28 4467 6319 4501 8406 9599 4099 2239 9853 3715 5397 1444 2867 865 6272 815 210 2111 916 8426 4837 3822 6106 8098 2856 2422 1295 2041 6717 
26 8057 746 8607 9811 3520 7614 4524 8526 6412 1493 3220 7298 7881 3753 6739 6343 4258 2974 4210 1957 1378 9927 4927 3397 2796 6784 
27 2822 2198 4769 3873 2933 5680 3452 5315 4168 6186 1730 683 8847 8038 923 6695 52 100 1252 8127 4154 3522 2383 9001 9788 5526 6133 
31 1587 128 5537 667 5210 9362 164 3347 4110 3774 3402 71 3821 6225 356 3234 223 6078 6527 1249 4614 8139 9998 8101 6913 1058 5158 517 818 9916 5921 
25 5756 9019 3323 5534 5224 5318 4489 8602 332 1618 8475 1280 303 1636 9046 4333 3012 7658 8428 7182 2199 8287 3208 4699 3030 
30 2550 2205 1364 6262 5832 8934 1330 3331 7679 9184 7068 1880 2235 1353 5540 3602 5081 270 2151 6870 2662 2347 1105 212 4984 4707 1209 470 3080 4347 
32 9714 2849 1573 6994 9625 2358 3934 4025 2511 597 8284 1052 3806 9528 8758 3113 101 4187 9061 6195 4613 9181 2732 284 7121 4531 4688 6867 3468 6061 7718 5375 
29 7256 1746 3240 8220 6425 2701 2353 2728 5434 1525 5767 3849 3095 1068 6759 1013 6417 3129 9641 6965 9297 6140 9530 3658 6560 891 3956 7997 1001 
28 2156 4469 4141 400 2547 7592 4047 3429 5758 6861 8330 7005 5038 700 5199 2411 7274 1561 9471 4899 992 2336 1372 6981 4806 3062 3857 5988 
36 1925 227 1539 7259 5226 4739 489 2154 6300 9308 7870 9056 6999 3124 2121 5905 8255 609 9326 9077 2792 3805 7283 9671 370 1775 7250 5554 1850 9920 7371 4518 4714 4915 2936 4678 
30 625 90 1113 8746 1542 4394 2874 6361 8988 9412 6574 8638 6033 6941 140 7586 8401 4276 981 299 1654 7912 7226 9137 7551 5605 10 2533 8290 2349 
25 4891 9888 9115 5826 7880 2763 8727 1217 9750 5118 373 3892 7622 9545 5205 4022 6394 4733 5437 1820 4173 3988 9555 8682 711 
25 5835 2191 504 9531 4873 7308 3515 7709 8926 5080 9919 1400 840 1208 2958 1031 4142 1912 3478 3349 1288 8555 5738 3708 9786 
33 4543 5658 2785 3268 1123 8699 291 7773 7721 8627 190 1988 6727 4417 2590 3078 4689 2080 1416 241 7673 5956 2696 142 4305 3790 8735 5120 8690 6478 2189 4131 5591 
25 7031 1965 528 6686 9565 6675 6609 5802 5998 861 9279 5971 7438 8692 5321 9319 4462 3569 104 8102 6555 6465 3901 7326 1665 
33 934 795 3899 2472 9150 7648 9095 8486 331 3834 4598 3563 802 475 8221 7273 226 9480 1979 885 6443 3438 4449 9399 6909 3931 2990 4346 8830 7440 9438 7805 7521 
28 4390 6995 5303 5895 1167 6618 1620 1371 9677 7257 2337 8352 8051 7459 8414 7832 8056 1200 1232 7562 9479 7029 1943 3274 5609 4422 1868 3906 
25 156 601 2209 5349 3612 2482 2351 1193 6615 9939 793 858 3894 2739 982 1517 2861 9234 7879 3469 1982 2905 4615 5937 5021 
33 2995 3119 3492 6092 1422 3811 130 2782 7667 2912 9436 970 4639 8974 6129 991 6486 1098 1952 3393 8713 5306 5411 9897 1977 1376 8922 9965 607 6397 4592 7770 9164 
32 8849 3076 654 1035 1599 1245 6036 1822 4040 3035 1340 7811 9780 8894 8413 8859 8149 9596 414 7702 6466 9487 5143 355 3943 2366 6832 3624 8898 3285 2518 5486 
27 1179 586 4701 544 7609 4944 3951 8726 2394 74 7305 7877 4694 4555 903 1291 1284 6592 2483 8408 3527 3542 6325 6447 7887 4881 5280 
31 6668 5673 6687 4151 9304 6472 2375 5436 5514 1163 266 4720 8764 6462 6075 2684 4023 7133 1733 506 1108 959 8306 312 7616 7926 2927 6404 3138 973 1289 
22 4078 5801 5 409 5024 6862 3020 782 9526 3377 6545 5103 7217 3231 9513 3737 6346 1450 4224 9802 2678 3006 
21 8097 5325 2803 8292 6559 720 4582 798 8814 1829 5911 337 1621 4972 6589 2222 4666 8374 2487 692 3645 
29 6461 9533 2169 3212 6826 3280 8055 2699 4031 3893 6989 4520 5200 4882 999 5622 5927 2625 9146 3793 3947 708 542 9074 5374 1559 696 9343 1363 
30 3636 7694 7569 7636 7442 5229 4314 1758 7142 8464 5396 6715 9216 1548 615 5360 6204 7353 2714 4496 1732 7640 5656 8069 5625 6081 7856 651 6405 7899 
23 8724 2983 35 5739 2313 6515 1321 9628 3926 6792 5978 2658 1169 1438 4846 9291 4510 8539 7544 7600 4235 2791 7804 
30 6200 1424 1556 8404 1818 6961 665 4903 1053 185 4311 1028 3770 6267 43 4454 7835 5701 6321 14 3666 2471 7497 7 1800 6532 8252 1129 7854 3436 
28 8502 9460 8854 5693 3033 2569 4474 2401 1854 8245 8013 2903 8371 5568 4551 8319 6948 4602 549 8608 6771 5141 4253 2597 787 3072 9163 8218 
32 3363 9488 4239 3592 8549 6242 1220 2469 5744 2064 1639 184 1405 1023 3695 5567 4128 8116 3999 3319 9944 3245 5814 146 3307 9253 8520 6293 6217 5915 9873 2786 
28 9058 7724 6664 6407 4034 343 7338 1776 2601 8832 4687 6809 5220 3147 3495 1632 7053 4202 5692 9929 735 3029 8935 3351 4908 3958 1705 8265 
22 1824 377 4116 1250 5168 9771 5291 9007 8448 2262 7012 225 6719 6306 5688 6045 7263 8739 88 6273 737 796 
27 3720 4473 2166 5522 8613 1051 5760 1082 7785 1326 4839 3409 4637 2341 5484 3463 5662 4902 2460 401 756 6964 4895 5481 6308 1627 4512 
24 2713 7516 8927 1131 5682 6313 7482 9241 682 5838 2477 7291 6780 9228 5770 4160 1936 8335 9769 7757 4226 4541 1084 9176 
28 4852 6950 6613 3491 4263 8668 6027 9839 4247 8611 5828 6648 585 5839 9 559 3470 6905 5150 6314 5362 346 2987 9934 2848 5851 936 9018 
22 4568 3423 8523 2772 8663 1784 5647 1354 8215 1799 7431 2653 6953 6288 9674 8156 6281 2215 3748 951 9969 9577 
28 4760 1257 4165 7367 3575 7120 7116 3185 6616 4575 8154 4942 2439 3090 8455 2424 5093 9169 4405 7051 4427 293 6525 8986 860 2942 2907 8816 
25 2734 7833 5383 663 2479 7538 2391 1256 7039 1723 403 5297 4129 8226 6775 6083 1523 1075 8280 3627 8825 77 7897 8574 5685 
30 5837 8513 7922 9515 854 3949 5310 5881 7768 1398 1411 392 2281 290 5581 5114 4149 9222 6723 1116 1884 8497 5039 5337 3168 8789 3979 9615 7540 7533 
26 5197 5129 3681 1408 5724 6699 3746 873 4734 9127 933 6951 5121 4533 7623 6875 8580 5242 6333 3676 2282 8058 7156 5391 3840 7422 
25 9106 7851 9619 7489 5772 662 1427 7065 1451 3863 7557 8866 965 3971 4842 4043 1202 5719 148 9840 3572 1375 6066 9347 5054 
34 5069 4951 1060 6640 2693 3292 8093 4983 2965 1189 2735 3678 2562 8004 8289 3477 6629 9717 5098 4365 5617 8570 2026 7271 307 4810 8071 8804 8126 8779 3816 448 2311 647 
32 3875 1566 4122 271 6790 3877 6925 552 8239 5516 2920 4630 648 5867 4295 6024 6183 9068 8759 6594 5187 2108 4475 6834 9088 113 4571 6986 4586 1428 2894 5779 
24 7704 9742 7529 171 1210 3560 7580 383 3777 6337 5404 6010 8769 3721 4482 2663 8300 9125 7339 1073 4026 4384 7774 1648 
30 9288 9263 6584 5700 7660 734 6630 380 4658 5504 5048 4617 2474 4564 1713 9570 3869 1844 1806 1072 4285 2190 9422 7164 8955 2514 574 7517 9918 8932 
25 3209 1187 5564 9831 6753 5916 8493 3392 9372 219 4402 9482 1972 8843 7615 6689 3723 6998 2896 2197 2829 5907 9431 2008 9556 
31 275 4114 5218 1269 5384 3573 2509 5834 2040 1796 6345 2193 6145 9309 5746 179 599 335 5627 7083 9693 5946 1112 5264 8043 6921 24 5787 819 439 7004 
29 5939 6910 2489 5912 6385 9203 5862 4990 4477 48 3608 5972 7388 8761 5075 8198 9922 9626 7686 4206 9034 6704 8708 9536 9886 9799 8945 6090 5193 
29 7096 6543 8394 5102 5925 2470 9302 2960 8689 5327 7429 110 5782 3685 9179 3193 4434 6831 1463 1827 7550 2694 5459 6923 2254 8743 2957 1345 1773 
26 8730 4172 289 9761 3528 2738 9235 1307 7925 1692 4544 5090 9173 6893 5268 3368 3325 4946 5479 8104 988 2478 9101 9972 4789 6415 
26 6428 9257 2830 6363 2622 1907 3195 1612 484 7976 6263 4976 3795 1272 379 2551 8480 1469 9448 1661 3890 1729 3689 7524 1583 2103 
31 2146 5588 6382 9328 9986 2003 1222 3683 393 4325 4379 1526 8538 6716 76 9197 6701 1117 5385 3576 7420 6549 5623 9269 1634 4619 7376 8268 7264 8696 5774 
27 187 6933 4937 1588 968 9963 2013 1423 3340 5769 3194 8122 2225 8384 9122 388 3609 6984 8354 3483 9214 9551 6972 4411 2448 1993 2528 
25 9447 2440 6062 4817 2396 9753 9793 8047 228 8967 9185 984 3003 8304 5485 6383 8021 7827 3614 6838 8228 145 9633 1697 8887 
29 3183 7337 9933 3099 2318 5714 3275 1872 334 1000 3629 3920 7000 9414 9290 9534 382 8863 2081 50 2294 7411 2865 3089 1447 6 4840 4871 1778 
29 2163 9168 8162 679 5138 5351 4385 975 3205 3304 4500 4163 1329 9809 4843 7546 9509 6696 3017 9401 1687 3935 3787 7444 2493 661 8978 8032 9071 
32 1472 9820 1417 8890 3701 3439 841 9087 9249 5878 1418 5427 9424 909 7171 9792 3180 3261 324 2110 5034 5463 5576 7139 2709 4366 8203 3148 4479 637 1678 3422 
31 2823 3682 8364 6677 6868 5973 1964 9130 5580 2334 6824 5879 4519 125 2171 7816 1838 5417 1848 6372 1780 2580 8344 7963 3394 3395 6801 6022 4907 9188 7938 
32 1959 3385 8183 9584 1691 4567 4395 6470 3866 5277 1096 3314 8337 7863 6256 4191 600 254 4321 9316 5731 5799 786 3526 3996 8747 7862 8567 5173 3994 622 1731 
23 8678 534 9417 6168 8991 9172 141 6436 4925 3055 1905 3549 1379 9893 9449 7073 4681 5342 6943 2119 6251 6920 6537 
26 5876 6897 4967 5353 3669 2083 9955 9494 941 4281 9178 1320 2790 9857 3692 5006 7204 5743 3337 2112 9341 5824 3369 3381 641 4254 
25 3236 2765 6488 1558 690 3091 3610 9489 9917 7859 9135 7803 490 1403 4738 1984 3823 6209 1997 9977 809 1859 9878 3727 6169 
27 612 3533 9960 8492 3216 7581 740 5312 9329 2725 7990 1477 8067 8722 8482 9683 8303 9433 1475 5762 5305 8075 730 2630 5221 2925 1397 
26 445 4768 8468 7324 6152 1595 4880 7824 1908 9231 2977 8755 1094 9983 6884 5272 4744 9875 3257 3253 3521 7523 9866 1199 9700 8110 
33 8472 4765 6956 6992 7828 8017 8530 1448 4636 8733 3283 2919 1370 2230 7751 5506 2050 5106 9502 1643 878 4647 7809 611 8233 6641 770 1669 9318 7618 1266 5707 6506 
30 3187 4514 3149 1855 7439 4327 7944 8646 3299 2298 5401 2629 1045 2204 5350 1830 5073 7099 7710 1581 7994 7924 5415 5624 8777 9134 1071 9154 8470 7886 
33 8372 404 2583 1080 7177 2578 9139 8766 5079 9183 5413 8263 7484 560 4431 1483 7589 2116 5720 8155 2743 2278 6827 3221 4924 2089 898 5750 7567 6533 1115 8485 8729 
27 3756 8946 1913 7449 7613 6275 6231 930 7800 5983 8649 3336 6386 557 9844 3982 7033 1536 9659 211 6019 1018 8456 7687 6650 496 1875 
32 6557 7653 9594 3265 7230 9870 1610 4472 2513 5704 4307 2686 4471 5994 5993 8775 7740 8082 1063 3939 4854 9744 6853 5641 7453 1316 8527 9631 442 9527 4576 9064 
34 9475 7781 1983 1670 1491 896 2914 9378 7397 6459 3126 2236 5117 8645 6854 5900 8528 4348 3631 8294 8278 5137 2307 4332 8361 6670 1394 9275 4959 8893 6903 5667 2031 6149 
28 23 9740 1785 1059 4005 8327 1380 9937 5125 9540 3158 2857 8458 4515 4180 5755 4987 8199 4656 6089 7145 5091 3577 8241 7008 1237 1877 5359 
32 4878 5465 2012 7707 6125 336 2840 5499 9815 5763 5510 7906 4601 5382 8355 1128 5519 3418 7009 8425 6165 7762 7269 2309 8269 1393 8658 3796 8194 4287 5849 8799 
33 4801 2368 691 2711 3350 5901 3917 4478 3644 8723 8593 8206 2939 6238 3981 8878 2970 2941 255 8806 4414 2546 7241 28 6880 5139 581 9124 2804 4020 4540 8636 9354 
31 2870 8424 6475 4065 5524 2608 4387 6752 3058 5896 5579 743 5045 8855 4179 3978 8796 7184 9465 4786 4626 5979 8822 6107 8923 3998 172 1954 4237 2275 4965 
28 7574 6093 304 4408 7158 434 1750 499 3229 7097 3502 5290 5132 4011 4488 4549 9070 6400 5920 6900 3450 455 8165 5521 2075 1211 953 4594 
28 4303 8949 5967 1809 163 572 3040 6876 8765 3297 91 3724 1933 8938 86 5447 4826 6323 7874 7954 2340 8459 5702 5650 8683 1315 6588 9860 
32 175 558 8078 1712 3044 939 931 4562 2801 1174 6253 7282 2931 911 3812 6565 1171 8271 2515 6694 6926 7129 6887 1682 1277 4336 4954 5007 2952 8749 6761 8964 
22 2381 3001 8980 8211 6531 5055 881 3802 4833 1849 258 9807 8827 123 7778 6103 5709 723 3699 6660 652 8151 
30 9441 405 6983 8442 9477 7894 3830 8673 150 3865 6367 838 689 1879 4021 6742 4389 6712 154 1156 6917 3206 1626 1328 7495 469 3002 3940 5618 4516 
32 9443 26 5566 5940 5595 3716 6032 4465 653 7202 2679 7304 2289 9332 5096 8960 3026 3389 478 2929 9000 4595 6548 5599 7799 6929 3498 6821 3161 1690 2749 9423 
27 7309 5771 8950 5049 5777 9129 4181 8478 3912 70 6221 9808 4511 1460 7893 5329 6786 3464 7159 1528 165 9566 9517 4320 859 4502 9642 
34 8205 2921 6227 1833 328 3117 8709 5188 4673 7076 2100 6368 8477 1662 6851 8490 4120 6502 2032 1054 7001 4299 4596 3372 381 6958 3900 2553 5466 3861 1738 1902 3663 8941 
23 3878 8049 9735 3151 1688 3798 7117 8500 3700 5076 8348 5817 6514 3031 514 867 5495 2449 821 4505 8810 9697 8744 
30 2038 8177 2993 2218 949 2642 7296 5509 9420 173 6872 2185 449 7292 6175 7357 2750 1722 9928 9938 535 8606 5932 9379 7747 4063 5044 7608 2814 7917 
25 7132 8282 7014 5529 6703 1888 2526 2624 9889 3500 6665 1044 1146 292 2033 2070 4498 5652 2458 4118 6039 1514 5184 4381 9474 
26 6423 6982 7011 3182 706 7637 5355 6580 2868 1898 6705 3785 9218 2326 7558 8656 9709 2118 5807 2285 7644 1005 7967 6524 8174 6366 
28 1512 9589 3264 7986 1760 9537 5082 311 1104 1007 532 1166 5874 569 8752 4570 6232 1157 2529 2360 3626 7498 640 6332 3688 7192 2480 6513 
27 1568 4071 8386 7020 6973 4050 3755 5523 5935 9089 9344 4813 3401 3315 6380 3359 2113 4725 5735 8230 7665 8632 5250 6059 3734 7697 7593 
22 8698 5326 2744 8176 1961 9989 9798 1306 3146 8842 1797 7385 9421 6414 2259 7079 9516 7858 7152 3930 6955 9748 
32 4066 9887 7222 4933 1024 9042 8044 5855 443 8913 6437 1575 4527 6914 5742 7776 3298 9548 4583 5590 5040 8259 2379 6373 2250 155 9882 6068 4827 5629 7348 8387 
30 5030 2855 3929 6341 8936 9484 1787 642 7989 8857 5962 8507 3568 8031 6877 8705 6170 3400 3428 8064 1331 4403 9063 1947 2345 7174 1601 7900 2994 5361 
24 554 4186 2175 4677 736 630 7927 4158 943 3300 3797 9458 6187 2560 6644 6505 6118 399 3135 151 8164 4407 5320 7178 
28 8710 1037 9120 3696 1759 9883 7387 2161 4892 3356 6915 259 8223 7588 8461 7072 1453 2581 9473 7057 4849 1201 4848 1696 1019 9335 9579 1714 
28 94 3190 3766 626 1863 6746 8977 3254 6919 4435 1182 7233 8826 6530 3344 5775 9729 366 5572 579 4176 1900 9953 7947 8819 6503 537 6377 
27 4397 8858 6151 7579 1499 1312 4350 8584 3341 9952 2947 7359 6476 7040 9381 7293 3736 7940 8030 4283 5836 8385 119 882 6575 519 6279 
28 4060 8669 1745 4282 4867 8808 7356 1302 2846 5192 635 9483 1530 3896 4161 4868 1273 2407 4776 9649 3916 2605 7819 8169 467 2626 1981 6947 
28 3581 4671 1572 8644 2517 5416 6603 6966 4799 7896 9795 8483 9973 2647 8915 7265 8591 9233 6004 7092 7285 5788 8985 3977 1580 9004 2467 5823 
28 2090 3833 9284 60 6643 3558 2609 8234 5597 7777 2092 888 4835 8639 2753 6388 5810 2650 458 695 1534 8449 2510 732 3237 5473 8771 362 
21 3665 3765 1062 1810 5596 8623 8876 32 5108 2206 1741 4399 7795 8087 8208 29 7360 8059 9968 8243 7050 
28 2378 1896 5113 182 4660 2247 5228 2018 3851 9851 6449 7334 4906 8347 322 6282 3514 2704 4448 8158 3162 4538 7266 9722 4108 4923 9383 3227 
28 27 4796 5147 3867 402 3169 6793 3486 1562 353 5478 1668 584 183 4428 8489 6802 3739 1955 8451 3673 9539 1529 8916 2616 8731 6755 1185 
28 4169 6005 8450 7179 3410 2768 7693 3745 7472 7111 709 1489 4497 9280 494 5027 9005 3964 1497 7711 37 6688 3032 7852 1881 5970 1212 9307 
29 6891 9215 3519 1644 2051 5251 3380 1368 9093 8834 3330 7846 7059 5496 5428 444 268 705 2425 7656 2034 180 3433 1949 4593 8559 7921 3457 2904 
28 915 8969 395 5555 107 9219 7086 2986 2331 7401 7522 3125 6384 633 4609 829 454 897 765 5078 4670 5859 2789 1551 7294 2956 3057 5365 
27 994 7351 4217 89 8948 9648 8783 2720 2232 8815 1467 1383 2727 7428 6924 4234 1190 6199 3718 6316 7303 149 9523 2911 5559 6835 5987 
27 4766 7205 3854 8517 2158 6434 7327 230 9057 1885 9694 2428 1262 664 8671 7221 2697 5393 672 11 9348 1474 2385 3352 1615 5215 6916 
33 5008 9872 2876 2649 8121 5968 9097 738 6205 1132 2853 589 8700 5278 2106 4089 6138 8573 9664 6310 6552 6119 1352 3884 5011 8707 8212 9357 1910 1216 6534 6737 5255 
26 7760 9692 9470 5377 3160 134 7993 4363 4388 5083 5124 9116 3961 115 4648 285 8373 5880 176 712 6745 7902 797 9715 4608 6576 
30 2091 7957 457 3707 6155 6563 1998 9338 5670 1226 3290 686 3250 781 1918 7514 5357 2880 7208 4220 7451 3938 3597 1347 8236 6480 950 8351 3399 1298 
29 4119 7494 159 9258 8237 188 3784 6357 5501 2771 8264 5861 8892 2178 9507 6930 4244 7321 9250 6837 9313 7591 5871 6495 2088 6498 4171 2594 1508 
30 5675 820 9764 5467 9718 7984 3903 7253 4302 5293 3166 9908 5170 5023 7061 2207 9979 9739 9002 6726 6220 6714 8171 905 4894 2065 3224 347 3970 4437 
28 5645 7638 7042 928 2201 5748 8365 2613 7091 3742 877 1070 7919 4420 2404 9464 1623 4109 7646 2420 5753 3374 8973 6144 7754 441 5227 2712 
30 8103 5608 9031 9027 6322 1597 5031 6985 3100 925 7981 2114 6651 7404 4223 3054 775 3786 9050 6120 7632 5923 1782 7814 44 4360 5872 4890 5936 8792 
27 9670 7080 6229 1932 1440 2352 2680 4929 6847 8345 822 4440 5781 9283 2280 4085 595 6048 2669 8853 1975 2991 638 1672 5231 3143 3038 
27 3353 8315 2636 5400 236 8920 2147 3813 3546 4591 7088 3317 8210 4737 5356 3525 5025 1041 3133 3717 2093 8484 8823 2170 9784 2516 977 
30 5703 7448 191 9445 2586 9961 3855 4718 4953 9437 9149 4504 9092 6448 9177 5606 844 1338 8331 9758 5328 7964 5381 8340 921 8045 856 1921 1177 7194 
25 9538 4650 7295 6245 8914 9549 8624 979 4178 7455 1091 1490 57 4838 1757 3967 8951 608 6988 621 7019 6371 7641 6301 8629 
24 474 436 21 1218 6674 3273 2705 2761 8686 4130 7932 9852 9230 5980 9574 1332 4860 4016 2377 1686 6662 491 6088 4643 
27 671 4989 3803 971 2323 4123 6268 5547 4095 4204 895 1567 2077 6628 3686 5295 1426 118 9386 4225 298 65 3952 1454 6614 5284 9643 
24 482 571 1520 2574 9236 2409 6274 745 1708 9833 339 7712 5924 189 3248 5186 2628 5494 9009 3864 9167 1404 814 6627 
38 6959 4494 6481 4455 7481 9485 232 4622 6359 3156 5058 567 7284 2060 1754 6544 5974 5630 9355 3639 801 1684 2492 9013 1381 8054 7810 5261 5549 5734 2883 1479 9015 6974 9941 2288 7553 5216 
29 8725 5041 9632 8076 1897 9090 8042 4898 5600 9370 9931 376 1742 1507 7102 56 8148 1606 7504 6420 9306 1901 8393 9450 6303 464 3188 4775 6435 
25 8299 3471 7552 4931 323 3454 80 3134 6846 7758 4080 2527 1584 8999 3466 3594 4024 1455 7211 7287 1798 4013 8092 616 411 
28 7030 3324 1468 1004 1560 1258 6000 281 111 6708 6763 1968 7046 198 1391 2596 7681 7626 4203 7512 776 7705 4532 6203 9770 6413 3404 9510 
30 7642 1574 9123 1410 498 2058 8831 4900 2395 8679 2808 6206 6176 5270 3303 5539 1355 9779 5636 8429 5981 8342 3600 6852 9586 1635 8895 516 7322 7364 
28 3025 6554 4476 7668 8655 9943 2687 1064 6167 7872 8680 1642 9267 3824 5094 3976 8163 2002 5589 2095 4450 6782 6360 788 1396 2436 8395 2980 
33 7427 7787 3704 1805 9147 785 8919 5462 68 4483 9669 203 9720 9575 5768 7443 7831 8665 8390 863 7276 2967 1065 8129 8181 6194 122 2964 1153 6290 9542 3913 2451 
30 2996 9111 5237 4286 6292 5182 8681 2057 4495 5435 2097 1671 7407 8446 7596 5852 1544 2355 7007 4756 3087 3539 2819 5009 6901 7583 7490 1106 7655 4916 
30 314 6154 2452 8778 5262 7392 9880 6538 5951 8677 4277 4334 5239 3416 2432 169 2006 6968 2300 2886 6768 8336 7904 8515 4296 1509 9486 1978 2143 9723 
27 1437 4807 9384 5233 3503 8277 789 5406 5969 2030 8963 603 3828 5259 428 6803 3329 2045 8321 3223 2290 3751 7669 6569 6053 7341 2423 
27 8184 1842 8820 1904 8273 2552 7131 4487 8318 7025 297 842 7172 2181 8521 5745 2392 3378 880 9041 9320 262 2585 966 870 8803 2388 
33 9227 9591 5721 3703 435 2176 1158 995 5818 3484 4019 777 3321 8605 8436 8350 7500 7684 7155 1413 2087 5089 7821 9525 3980 9767 2203 2670 6899 4556 9404 8037 7417 
27 3937 7643 5850 7561 8309 8937 9084 3242 6215 3011 9207 5056 3650 2327 7447 6297 7198 4451 9823 1989 9710 4580 714 9819 7722 4268 4345 
27 4808 5525 9732 3987 6767 4834 8711 6744 456 1725 2403 7607 2646 5840 9862 2485 1919 2540 8990 2445 2798 7834 631 2172 7301 3910 5273 
32 5472 6781 9096 8053 1197 1407 9495 6015 2558 4825 6866 2052 4599 2004 9794 2044 9614 4240 5648 5165 3966 3230 4920 1318 3098 8987 4841 3092 1010 5953 3279 7368 
22 8118 5115 2330 4521 8872 9461 6287 1929 4229 5884 2015 7181 4654 3077 9775 7325 2486 4038 2210 9032 368 3767 
28 4830 2496 8431 6255 5829 2295 7566 1067 8848 4621 2212 5671 3625 9728 2577 4045 3446 5289 6540 7975 2245 1652 9114 9834 5778 7123 2498 6074 
28 4238 9243 3391 446 4001 4069 5868 3489 5619 6160 7645 109 7345 4446 9469 2287 7547 1103 4513 6492 3189 2443 8002 9094 8501 9100 8068 6008 
33 6392 9155 2554 4057 6474 6562 8266 9491 4460 9500 555 7190 2412 6873 3730 6298 8168 305 8519 9081 8034 5379 6539 5697 1110 634 7746 4319 6108 3652 8081 2406 4058 
27 8434 6001 4107 9282 8417 4126 8917 4124 1996 6295 8840 5752 5450 4054 3056 2899 8525 3725 1334 3219 1432 5099 7991 9828 4973 1851 6121 
34 6595 7297 7277 3339 9194 2770 221 1923 7405 2303 437 3671 3743 7554 8231 2082 131 5820 2891 6219 5464 9396 3621 8457 6848 4905 1101 7807 1470 1078 5269 1655 843 1079 
31 7235 1038 4717 4629 5865 6348 9165 8958 1373 2606 174 6728 8844 7045 5409 9923 1726 5841 6558 5013 2461 7197 6270 7634 4877 6499 5092 7930 2134 5950 9109 
27 8592 4870 7798 4170 9416 2506 5244 6328 4193 8391 5053 4743 2325 8976 5594 8403 440 7137 201 3294 4584 4537 6038 9894 2249 2781 5107 
31 450 7358 5051 9136 3836 5990 4974 7955 598 6218 6278 7526 6312 6191 5664 8604 5309 6743 6156 1941 3880 5248 8291 1362 8467 3891 6040 2405 7089 7970 7207 
33 9360 3383 8170 1817 7952 8865 6493 4757 7715 3434 9835 1176 5059 2010 9209 1892 9716 5419 4879 2949 2159 5893 7023 1953 8818 7064 3649 253 9995 2611 2504 8845 7820 
26 4091 7416 7384 5511 3384 9055 5134 6073 4004 1861 7462 5848 9906 4072 9672 369 985 1617 7252 4790 486 2773 2962 7907 9900 9192 
29 7382 7487 416 9861 4182 659 8754 1430 9286 6446 9864 6747 387 594 9196 8338 7146 920 6034 3969 4816 4604 876 6196 1765 6679 9030 235 6663 
29 3501 5528 5247 8829 2756 6779 7016 5307 8005 477 4818 239 3807 2811 9174 6991 3638 3013 1213 707 8537 1077 3773 4133 6840 6311 1930 5065 6730 
28 5942 6638 502 8022 4134 4864 7536 5405 2165 3545 3923 5943 2229 7628 958 4493 1488 3960 4850 8326 6709 1486 3653 4932 4600 1522 2059 2810 
27 9868 5846 4250 750 5545 9079 1414 7430 6859 5783 3348 4684 3131 4132 6582 8972 4157 1 1719 8667 4606 7166 6289 9978 7140 1939 7470 
29 5097 2069 4156 8432 7408 9884 8235 7960 2595 5480 9689 7663 739 2187 1336 3571 7254 8301 1611 2246 3426 8554 8533 655 946 2505 7100 4644 1154 
25 4447 1751 2600 2644 3259 6652 550 9655 1309 6399 4918 1224 2364 7829 2592 591 9103 1513 2884 3207 2588 8763 6051 205 6207 
19 6610 9213 3042 4795 4175 4298 7719 468 2096 7597 718 5869 99 9144 7750 5929 2491 3712 8965 
29 8625 9942 2573 3582 9850 6250 2037 5369 620 2522 9994 3975 3584 4579 580 9734 6050 3184 4752 3928 6132 1728 2094 8197 4111 7002 3948 6573 5002 
28 7047 9014 2241 4236 8841 8012 9907 4117 288 4264 521 4430 5716 9562 1032 7792 4421 2462 64 8720 5888 6489 2046 5728 5715 9932 9358 8307 
36 1826 1036 5669 1148 8786 9352 8026 4507 5796 3604 674 9812 7316 5847 1360 8721 7935 2979 9783 1114 3684 1495 9611 8086 6682 6777 4999 4409 9020 3510 2834 5845 6052 2659 7424 6932 
30 9336 993 1100 8540 8246 9755 2918 2384 9223 6816 4559 5189 4356 2237 1145 6063 7733 245 1649 4863 4362 4731 9277 459 806 1333 2456 9600 1027 2016 
29 2836 1862 1893 6257 2536 9561 9975 8131 5661 8437 1721 5015 527 4375 6963 2382 6403 1578 4056 9644 7373 5286 5809 3838 9705 2571 3918 9604 7817 
23 8383 144 5128 779 5151 7375 3079 3373 8717 9949 3191 5766 3801 4383 278 9434 8860 4814 8113 7425 4572 3752 3509 
26 5371 6635 4996 4093 6234 1794 6402 3192 5146 7349 8106 8066 6426 9217 9300 9311 9419 19 7389 2196 8534 1022 7090 4354 3366 1739 
28 5959 295 5999 3266 82 703 2591 2917 9254 6344 1310 6188 2124 6750 4241 4064 2260 5037 8189 2827 186 8173 7372 6969 1061 6442 202 2217 
32 7979 7335 5794 69 9238 1707 4545 2747 2027 768 7209 9467 5592 161 4456 4855 9824 3879 1853 3152 6438 9830 1341 4094 2434 3872 7731 5805 2824 3808 8514 5392 
33 3260 9459 5046 5112 1192 3815 4195 8590 6869 8108 2433 6276 5502 3887 2877 2538 3989 9763 7739 1221 7081 6611 6193 7535 2180 7113 8868 9859 4631 5180 181 4364 7923 
32 523 698 108 170 9033 2677 2531 3919 6389 1149 7369 2415 545 9703 6178 6690 2314 831 623 3945 3068 8359 17 8556 8633 4426 1361 556 4297 592 3232 9991 
27 6261 4349 8003 816 2860 4642 6820 1431 3362 3481 8541 2320 6451 7290 9712 1927 1033 5444 6605 3338 9639 9679 3202 8024 233 7936 2431 
27 6936 5153 1795 8375 8790 5997 8911 813 5036 3417 8798 1585 1314 2520 9262 4404 6788 5640 9476 5145 3218 9285 2862 5491 5204 3403 8062 
25 4392 2085 9585 3118 8349 2274 1895 8912 1301 6304 2410 6277 6143 9453 9630 5806 4491 7507 3165 7255 427 5711 251 1357 8100 
27 2086 8504 6669 6902 837 9990 1592 1198 6813 135 866 6228 536 9017 7898 9389 1552 2559 3022 9265 2453 3467 9193 6080 5527 2561 6561 
25 3075 701 4400 3881 1740 1600 2359 6509 8381 8463 2194 4828 7973 1294 8498 3927 8716 2566 3141 6661 7477 7602 9782 8216 3818 
36 1109 1641 957 1264 8756 9791 9559 3702 4710 2674 5659 9856 4941 6115 3835 833 1170 938 9011 4424 6977 5773 7098 887 7196 9701 72 1443 2427 349 614 1270 415 9580 2783 9958 
35 1579 357 9224 3764 678 6796 2182 7865 1420 1676 2183 3888 8861 3430 5373 1720 9365 2817 2951 5858 2023 7034 8041 7074 3789 5677 3936 7729 8979 5256 7577 2807 2556 3769 2296 
27 3551 5798 1985 9688 8143 2450 363 3069 1935 7875 8153 1395 1482 7808 3747 6401 6259 8157 7868 7479 6691 8535 5017 1518 1484 9650 3334 
31 5482 4049 6177 9499 3164 1821 6084 3603 3130 8931 263 4148 7853 3432 4719 5267 6087 5487 7825 8382 8600 2975 5866 5631 5110 9607 6632 8776 697 6479 5029 
30 1942 4246 4189 7755 33 7227 7525 2500 6684 359 1589 5443 6939 6353 7624 4340 2564 4554 3004 2718 5558 9398 1399 4135 7972 6774 3668 4625 2902 6246 
33 9075 9246 9366 8481 6258 2736 4535 6299 3847 3680 7691 6419 8506 3741 6354 5646 3108 7167 2869 4991 4372 5573 2079 754 9259 3593 4326 9680 120 8542 8302 7968 4820 
28 6890 8551 8267 3153 1415 811 8274 2233 3262 8094 9067 2009 1960 6100 9426 5236 9935 8837 7959 4729 6825 9661 9463 9903 5795 3504 6810 3173 
28 2399 7603 9601 1030 7969 2570 1734 3524 3455 6016 2322 5474 6331 5793 6567 199 2900 5063 646 636 8133 9867 4410 6526 1356 8706 196 8275 
27 5475 3302 3954 2138 8285 8575 3465 8906 1756 3675 1248 7869 2316 7213 1382 3641 2490 2402 4770 4812 1598 8817 4783 317 632 1727 2565 
24 7793 2557 1186 9248 9442 3479 9314 1002 4844 9959 6166 918 4853 3740 4534 4649 9276 5172 7730 8117 8018 8694 3157 9161 
30 3448 9612 6766 429 3155 2144 5077 2048 8120 8339 6658 5457 4869 2548 2255 5442 8089 8728 4723 5643 8396 5122 8329 8996 6110 1878 5032 9838 1801 3826 
29 9702 9498 3972 8227 2664 3267 2838 5975 7802 1524 5100 2955 7247 2231 4343 5977 3109 8908 875 8930 7857 6249 260 7095 8376 7659 2067 2776 9847 
25 3496 2922 5553 6888 2141 2637 8714 9891 5116 9107 1679 1557 2286 1097 59 1402 639 5431 9156 9706 6678 5873 2926 8809 7319 
27 6845 4754 5604 9273 3611 9806 8873 4055 8150 4792 4382 7450 6601 7242 4086 3343 8614 9981 6241 6239 1803 749 8392 8077 1540 5517 7063 
27 835 1666 4773 5130 8293 1165 1631 9970 3556 8145 6882 3817 6692 1973 6064 5628 2438 424 5741 853 1107 9605 5926 6722 4412 3101 8784 
29 846 4006 3511 7545 1390 1614 6815 6523 8262 4100 8925 4829 310 8512 4732 6653 3222 4007 8138 6604 4198 5563 1227 5372 6041 2105 6055 5257 75 
28 4503 1846 5149 8992 9350 9546 5696 9910 3122 5749 4374 2617 1781 6006 96 4911 4035 7225 9587 3728 3252 3023 9349 2968 6266 852 2523 6806 
29 9151 1808 8885 577 4616 7381 7078 2909 1121 7931 5249 7105 7556 3127 3473 9405 6023 2660 3102 8312 4255 1834 8750 12 9045 6783 4075 1268 2623 
27 6430 3679 2890 493 3225 7054 6049 2930 3825 3791 6137 713 9278 9757 8222 4139 6863 733 864 8901 97 1281 3750 2107 2532 4331 4690 
33 7698 2152 3238 1205 2293 4227 2252 2775 338 926 4697 8628 3622 2243 2220 7243 1747 6213 2806 329 604 944 5399 1324 7333 3142 8202 8685 9143 990 7861 3870 2681 
30 3247 2652 3643 8063 4053 8609 4672 1693 7071 2913 3565 539 214 7515 7949 4230 5790 2319 5123 4845 3965 8388 6101 3841 8427 7518 7332 2828 3540 6271 
33 3179 7855 7946 9435 7576 7918 5683 3997 627 8651 1994 5171 1214 5347 5403 7032 6182 8732 5135 5957 4330 279 9946 4429 826 5710 2575 1297 2174 1743 3607 2969 8465 
27 7606 1049 8543 7239 9391 7728 7028 9368 4945 5963 8939 4317 3453 1963 6607 7248 6439 4815 5019 2400 4257 2959 889 3071 5621 4771 3530 
36 7849 276 7982 9665 8966 5910 309 3782 5177 422 5439 4377 8801 5265 95 83 7104 2741 3088 326 4778 2317 5626 7103 1702 1974 5615 8880 1449 7601 2481 6907 5507 5386 9741 2895 
33 5908 4259 432 2202 4803 1016 9725 7845 5274 9182 1219 7598 7745 2818 5843 8650 2740 6362 1783 1656 8767 4470 242 2328 7530 8836 9293 9731 4680 699 5928 5276 5513 
26 4805 3288 8207 6879 2633 5612 2892 4716 8147 8000 413 6406 6800 8562 4761 3567 6976 1223 7888 1343 6477 1180 6855 4702 5813 1445 
26 3698 570 8297 1715 2815 3332 7743 4062 9842 4542 5028 8780 3061 7763 4051 8757 8571 296 114 9766 7666 7414 9544 4962 6898 5470 
30 9826 5166 9817 73 919 9395 6754 473 7706 7873 8956 9616 4351 997 7509 7700 8867 1161 8491 2602 4742 9796 7594 9749 9521 2362 5722 9244 480 7843 
32 2563 5751 2793 8654 1938 6681 8620 5815 9397 2499 6393 2039 901 1172 2370 6291 5154 4406 9846 1476 6307 2361 4233 5995 8802 2784 4664 7055 869 9346 9558 5453 
30 6671 602 61 5156 9242 1487 4144 9976 5105 3532 9380 8260 7672 5611 6606 7630 2043 7056 4800 7571 1748 1995 4620 3768 9865 5543 509 9698 7460 8225 
33 9797 4753 2640 6520 7183 4917 8970 6162 1042 9885 3648 1555 9324 6997 4566 8616 751 30 3269 8558 9024 588 742 4563 8 2302 561 3424 9535 9353 3045 4275 4956 
28 9522 9685 3177 250 6286 7842 7790 8518 8505 3647 6585 7300 5451 3794 1346 3043 8140 830 5414 5816 5111 4271 7966 2742 5161 7165 9768 7021 
27 9804 5354 5574 4391 8553 6718 771 2923 972 1792 9078 4294 1934 1406 6072 8288 5892 6095 8676 9065 9364 4791 4936 9514 9572 8061 7527 
31 1860 3950 3968 1093 4313 8924 8281 3654 2457 5169 7379 6666 2534 8630 6735 5191 9564 2639 6471 3327 342 1790 3112 7396 3779 2572 9112 3451 7066 6823 6491 
31 666 3763 8438 1124 3037 1608 8954 2797 4627 5222 8325 4393 1127 4136 8569 8813 9287 3211 9624 9730 3093 4912 8079 217 757 8748 7520 315 5050 8240 6159 
22 9743 2813 6623 9457 5713 9583 2408 2495 8617 9707 4232 2842 1436 562 7070 1500 1814 9926 9331 9687 6833 4256 
27 8503 5241 8111 7458 2137 704 15 606 9733 3955 1144 7939 3456 2826 6334 4740 7786 6127 1940 2882 7945 4569 7683 5712 8782 5561 2273 
31 4980 8657 6970 3628 3922 5126 9930 4433 2346 3619 1283 7412 8377 871 7771 8358 3487 8191 4098 5546 8882 1142 7737 7599 129 2721 5452 1628 3107 4998 2291 
26 4088 1956 6597 3387 4052 1014 4926 4632 4076 8488 6672 4443 4201 1290 7238 2780 5304 3034 9901 7433 6642 372 2731 5569 9827 4963 
29 7689 6265 7822 8566 5195 6622 879 3326 9451 4874 7370 7876 1549 4676 7346 7212 3461 998 1225 727 5339 1183 9652 5101 4961 9774 5317 7903 624 
30 7633 3249 5336 4759 6369 7488 2841 8050 1604 36 7423 3882 883 9292 2708 1914 5803 7231 318 3414 6579 9305 3163 6339 1633 9829 4270 447 2668 5178 
32 8074 1816 2253 1076 4192 5066 3783 9059 8410 3186 9790 9745 1092 7958 3360 9921 5070 2019 3437 8578 348 5785 1922 5087 4624 3933 4029 340 3106 7162 6596 3059 
28 6931 9621 4784 375 8368 7347 1657 1259 3480 741 4292 1767 4638 8794 1920 8877 7620 1894 2872 2898 935 1887 5363 1311 1369 3421 9982 8879 
28 9053 6720 8407 2535 1462 22 9854 7441 3427 8418 5296 5530 4293 6450 3213 4059 2521 5426 2726 8452 1251 6370 9789 1254 3493 5294 2901 6906 
26 2717 3883 6003 3921 3694 4655 6421 4736 4370 7847 2122 1650 3585 2299 8341 9736 8703 7041 3263 3053 8522 2115 2885 1313 2809 6804 
26 7313 6030 1048 3139 5376 1429 4745 7765 3490 848 6572 6025 2148 3132 1088 1409 7160 1645 7627 1663 7224 2393 7434 9082 8962 3570 
33 9211 5934 3537 6445 2429 7915 6547 1545 4997 4726 6114 3228 3199 7328 5095 2928 680 3246 9299 2982 2342 524 8310 5458 3097 657 4463 2691 9148 9550 3993 2025 98 
29 4398 8085 7625 3518 4304 106 5976 1944 5074 9529 4657 6612 3390 4696 5578 6996 4288 5292 8007 3244 4861 5364 2284 2073 2938 4872 2386 2338 4188 
33 8851 4797 8039 6102 1711 4764 7528 7988 1242 1089 8933 1532 5694 5947 5497 9390 1511 7701 1706 9541 6433 1366 6645 6070 7657 9113 6153 6828 3354 4682 9025 825 5635 
30 8995 3659 3425 9966 8903 1278 6864 216 4152 8454 5322 431 1009 167 6895 1774 9668 5964 9999 9657 2127 8563 8411 6222 4197 7895 25 9813 6135 5644 
35 2940 6729 2767 3516 3009 7232 2167 4278 2745 5856 1349 9376 6037 753 4547 8552 4774 9327 6841 762 9232 5989 4464 4787 807 9673 5358 4468 2619 9869 8380 2627 1150 566 7187 
26 688 8366 6770 4249 8261 1168 7748 4355 8466 510 529 7268 3047 231 1261 3690 4032 4982 4698 7772 1762 1841 4683 9377 6598 578 
26 8870 1134 7611 3932 7541 2468 4048 6795 6128 9627 4952 2021 4992 3271 6376 855 5786 9237 4528 3140 3761 983 5593 9765 2729 9841 
28 5952 9727 78 3396 1813 7176 7323 7464 9825 1772 4318 9281 1683 6918 7432 116 7493 3646 6350 3073 6962 847 9843 3859 6139 6342 836 5897 
31 9385 7871 5740 5898 3505 4009 487 3731 4015 2541 2001 8581 2195 5133 6856 4565 5441 2227 3376 6494 7170 5140 9142 3792 4517 8635 6358 6797 5717 5232 2494 
27 810 4574 4730 1804 7331 5863 3541 8398 8224 4988 1709 9303 2324 2017 4522 5174 2754 9746 8881 7933 9099 8136 4222 2530 4977 6240 7223 
26 1204 2332 34 3757 9980 2755 6190 2788 6979 7340 7374 2730 7188 2224 9996 7578 9345 3371 8508 1625 4453 4548 1015 3529 2879 7134 
30 2297 5109 1271 4231 9992 1012 3907 8993 9110 4127 9675 4284 3494 3548 2998 613 1188 8495 1135 7027 1384 6725 6067 963 3200 4675 6126 8738 7688 2099 
34 929 2858 3722 4896 9408 6550 7467 1674 4691 7409 3379 1419 4378 9160 4376 9902 1873 3886 4862 3897 6243 6896 8379 7391 3588 8010 6702 7905 3070 3547 4811 9895 7839 5678 
32 2414 8172 4715 9606 9646 9836 9785 6351 3278 2599 9274 7767 4306 791 644 7680 4612 9261 9609 9455 1195 7206 6035 4499 8473 9022 1958 5686 3664 6798 6012 2497 
32 7674 5483 7395 952 208 7752 551 6975 3651 8499 4137 1519 8334 4785 7267 4749 302 492 6617 5283 7716 9432 4267 4061 8510 7457 8272 5085 9403 3517 5638 8409 
32 1590 8439 5258 1275 3051 2024 4802 4809 158 4628 1160 5587 8369 7077 1401 8109 8333 512 5899 4934 5131 5389 7469 4301 9205 9610 3985 6631 8516 4901 5991 7559 
27 5557 1125 3256 9504 3953 6566 9428 9640 4003 5705 3587 7670 3105 1081 4212 1029 1308 2173 8601 2723 9877 9578 8091 5575 1464 124 1099 
28 1191 8125 3258 2258 330 8006 9590 9190 8027 243 6508 3094 9264 9896 6646 7882 2333 3270 4445 316 5620 6818 6327 7474 4685 6843 4793 5551 
30 1140 7929 660 3640 3775 2752 2950 8812 1770 2397 1207 1074 3606 7307 4914 264 9547 7823 3485 246 7797 9132 485 6593 764 1864 8487 4735 7631 6142 
30 7662 2864 4824 5532 7543 3845 6922 365 4530 4788 4641 8123 1647 2944 5808 4704 7003 3282 2690 2208 1050 4886 8405 587 2269 3962 1874 8891 7911 5789 
27 1021 8971 5632 687 8193 6504 3398 1889 9012 3241 7124 2683 4033 4847 3599 2984 9985 8367 2631 728 2932 6517 364 5764 1086 8146 5398 
30 2648 9492 7421 7161 4935 1175 2310 1299 5857 9415 6329 6123 5390 715 6971 3096 2695 2473 4328 9595 6685 5684 4041 423 8014 1478 4780 5571 41 6441 
27 1831 3598 5903 8740 3201 2335 7151 996 4396 7377 9126 3488 3637 7532 8509 5422 6938 2655 6116 5271 2812 2620 7717 4539 6324 3800 6751 
30 9984 9747 9662 6212 8440 6778 7575 7038 675 5550 1825 3431 384 6429 8864 8899 7210 4074 1504 5341 6541 3848 6317 8188 7403 7604 8474 7956 1638 3345 
23 5057 9175 5706 3904 320 9394 760 2878 2416 3110 7587 3635 5691 8871 92 5340 495 1159 31 6883 3710 9603 9724 
29 7496 8781 8547 9166 2651 3420 6185 4550 5601 2989 6457 8675 1494 2568 6621 2128 3408 1565 5827 9210 6799 717 8846 6842 8219 7246 3555 2850 8180 
26 8399 8961 5334 2305 2418 6485 2459 53 1777 6676 177 2463 4889 1630 2283 4750 1215 4668 2072 1296 2484 2844 5582 390 6496 1629 
27 1768 4166 3856 207 6794 6500 9220 8494 2724 3778 8115 3819 5732 5958 5498 2837 3574 8612 520 1658 4484 9472 6647 6390 8195 3024 4940 
28 7720 1386 5461 9773 5181 6944 6236 1203 8462 4194 1986 6085 6352 6892 1858 5104 6418 6458 4102 8637 9503 9759 9620 7542 283 4419 8311 5211 
32 3460 3181 9361 3656 2 4751 1659 3005 4252 4758 5759 1980 9010 4921 8621 6147 522 2130 2164 2272 8420 5992 6468 6349 1006 410 3328 4014 5885 518 9138 8805 
32 6117 2145 5014 2710 515 5887 8316 9571 6849 1120 7661 3313 8159 133 7126 7157 5982 2839 2131 8029 6381 5891 3615 5531 244 2641 8888 3305 5548 960 2155 9645 
30 6197 2607 7992 3630 2049 1839 1133 9781 6764 7352 9393 3407 1771 4316 6210 6510 1931 1046 3535 649 2638 1845 2455 3583 8585 6732 4042 121 8770 224 
24 389 9371 6374 8346 5343 2774 7878 7503 3175 178 5761 9845 3820 832 4359 9105 2376 5765 1337 4265 7261 5649 8618 5208 
30 3 9117 5598 908 7317 8036 3367 7191 9721 5176 8874 5352 3846 1962 1435 5412 7189 58 618 1619 3007 9369 5335 6002 5471 9342 9947 2380 351 7796 
28 6198 2715 9751 3333 3620 3103 9356 4200 6171 1695 1609 9072 2657 4700 508 658 5072 483 8900 4208 3289 6776 3239 3957 7315 6065 3120 1136 
29 3233 1421 3123 93 9816 8653 7485 5904 7483 1304 2943 851 2685 4985 6044 3852 3915 3617 7971 1155 7736 6501 3586 6335 4741 5562 8622 5536 9837 
31 874 9446 6812 5917 8952 1055 9974 8603 3513 619 5906 6829 1744 2447 3370 5230 2226 6124 1392 4618 8921 4261 7314 9206 3719 4039 7714 575 4337 5723 2737 
24 2234 9038 8080 5456 7329 8701 7299 6978 7062 5687 8793 143 4341 6706 8942 3662 2277 5931 7783 3691 3613 7647 1350 8412 
26 5266 7245 5223 5313 980 2722 8238 7163 1867 358 3301 3063 7860 9617 8550 976 4623 7548 9879 4073 8048 1388 1951 7280 7617 2149 
30 9699 2906 1130 850 4662 6935 8564 5757 3667 8328 7513 886 8659 8253 8469 1457 4177 645 9427 418 8762 6047 6158 8496 8998 9069 8981 2999 1367 4747 
30 3536 3860 726 7249 9520 2654 4457 7916 6912 4174 1085 1244 6098 7962 5001 4215 6326 6940 7410 2621 6760 5616 7128 9805 5489 6667 7934 9255 5666 9914 
30 7639 4966 1492 3306 6021 8957 4607 6211 8144 3018 5084 6460 5330 9060 2593 5288 9553 8795 6734 4755 1510 3874 272 9493 3634 9208 3655 8768 265 5275 
28 3914 4581 9037 6283 2266 2908 1882 9936 7024 4938 4290 1837 4344 9430 9876 7118 3552 386 1240 137 9532 4269 9080 3083 8582 9170 2507 4866 
32 152 656 3623 593 1926 4553 9240 8256 319 200 1194 7753 8642 9051 5438 6757 7237 471 5043 6949 8196 6733 8719 1703 9221 4000 8192 2357 2618 5960 8596 7010 
29 7782 2365 3772 773 5245 4909 5022 6578 525 1229 220 5429 3974 8536 6224 9666 4218 1582 7570 4216 1586 9028 4342 3048 3358 5882 8317 7215 4897 
28 1752 5944 5086 4634 548 209 513 9121 5366 4857 4665 7910 565 4851 9029 8587 1458 2344 5922 6568 2063 1815 4859 1503 6422 4635 7094 694 
29 3312 4077 1143 8083 5460 5020 9678 5585 408 9772 1344 1039 8020 7195 2251 1948 9400 4090 1537 4727 2676 5179 5234 2102 1624 3308 5432 6490 1911 
26 2758 7216 3210 605 3781 5556 9915 7022 8828 6990 9256 3889 4243 9047 6736 139 2117 2476 5155 7101 9569 5203 4012 3687 9225 6542 
31 8875 4922 3590 2614 721 6046 8130 6318 872 4444 7549 84 4509 643 2508 2315 8028 9298 5544 1823 4143 9083 8704 3015 9557 8070 371 7841 849 5698 7471 
27 6507 8579 9189 1377 16 3019 7203 6740 530 8214 9006 922 628 3174 3507 884 4312 1008 5217 2779 5300 9682 6356 7789 5747 2985 3946 
26 5503 3172 5941 7219 6347 5348 1505 2142 0 4190 8532 5212 5282 1047 3963 9043 3085 8016 7913 7398 453 894 8305 6431 2329 5240 
30 476 9695 3442 7148 2604 7180 1788 8693 3215 5183 5159 8251 8862 1971 8821 2389 5287 3895 5332 3342 8161 4027 9496 4876 1164 4416 2160 3066 4798 6577 
26 4611 2777 4904 8073 5423 4957 1138 5253 261 6693 8791 9954 4368 1389 974 9008 4865 4103 8800 6453 7461 1937 6254 7505 7342 7965 
33 6294 7175 9440 9592 8896 6150 1412 9425 9940 541 5068 6535 3908 391 406 5152 9359 3605 3415 2656 4610 1535 1569 3566 1992 1017 3738 725 9667 5812 3226 5042 4490 
31 3618 3150 7742 9636 9506 4030 1095 1152 5512 1118 9501 4425 5162 3419 7573 1471 3475 505 6937 8135 5468 9863 8994 1699 7801 7677 9296 2367 8672 1946 4821 
22 9039 7539 4279 4588 5446 1883 4823 4885 7891 6252 8807 8119 7200 9323 6649 6789 9198 6934 9062 2074 2587 4461 
26 3361 1365 2971 3291 4856 964 7122 3277 6836 4373 2066 7112 7150 6208 1102 7476 568 759 8648 5430 8712 2257 9388 7690 511 2719 
28 2244 4084 7244 7974 6822 5784 5298 8460 2136 2760 7330 3010 1452 1819 2369 4748 2589 3732 4669 3837 7510 3714 7193 1527 4995 8105 731 2084 
31 4794 8983 2963 629 766 7883 8389 5167 1011 5830 4083 2682 5833 1137 3754 1003 7813 5026 7682 6338 7676 9226 5469 7892 6136 9623 9478 6564 6619 5285 5674 
28 526 40 906 9054 1976 4214 5860 2937 2961 5407 3925 5490 6927 3616 6591 2387 4578 2133 6529 9048 1945 4367 4558 7048 5657 5736 1766 3472 
30 5263 8697 7343 1260 4910 4887 6411 8910 5508 360 4272 6060 1303 367 3672 4836 9676 8370 3995 7732 2248 2543 6467 3713 2934 6094 8774 2582 2211 8959 
27 9988 5949 3534 8586 5323 49 3203 8641 8904 6590 466 6192 2372 222 7114 805 66 8982 3973 6957 7486 7791 6656 166 8772 321 3386 
25 3235 5370 6683 3295 229 5157 4948 9153 1865 2188 8824 420 4713 9091 1173 917 9040 325 7228 7168 8660 1916 5402 900 5870 
27 5889 9322 6620 5966 5583 2673 2435 5610 4703 9317 8989 893 4017 7830 4546 4199 669 4706 7582 2363 783 1255 5948 4659 8270 341 6511 
28 7890 1924 7511 1325 5883 685 147 1689 1917 5811 9363 1856 5730 2671 4557 912 5477 9337 9085 2177 6654 8811 103 7508 5410 3197 4762 4767 
26 3064 5333 8052 8634 8201 8741 8588 9133 9762 2542 4986 465 3284 4081 1724 4159 7143 206 3000 105 4526 2537 3116 9410 3633 3021 
32 7109 7735 702 4481 9141 4082 7087 2519 9754 9568 7840 3435 5035 2132 8577 6230 2062 6026 7093 5853 6904 4939 4763 7452 7220 396 7951 9330 1538 824 6830 6680 
32 8324 7519 1681 3198 8072 839 2417 5875 5142 9454 3170 8511 237 2475 8560 6180 8175 5214 9409 6315 8313 6043 4993 2978 9948 4721 1543 9201 4695 7885 9212 8096 
28 4219 8595 2265 1348 8286 4115 7867 5476 8250 3114 1700 4309 8423 5201 7491 3441 3799 1673 6512 1903 438 5061 3990 9663 3178 4561 4274 8009 
27 8850 352 6113 4068 3693 5984 8615 9874 7185 5570 4969 1243 2992 4153 3944 430 7312 4423 4970 1265 6528 5047 5243 9576 2022 6305 2371 
32 1196 1040 8797 9407 6710 4018 2339 7279 1515 1836 8182 778 8248 3759 1459 6484 7288 2502 4335 4167 8997 8869 6285 8785 3862 7454 1335 5408 3578 9713 5877 1637 
32 1531 8745 5308 8421 5965 1359 3443 9131 1178 385 7278 2101 1282 7675 3251 8889 2153 1461 4113 8419 9387 1090 7635 463 3293 2875 8664 8684 5676 3196 8084 7908 
32 9956 138 8400 5634 1764 5127 8718 4640 6464 4529 800 9229 7941 9818 5603 9098 3674 3814 9653 2029 4485 6408 8557 808 2702 9656 5961 1718 2716 6235 2661 3868 
36 9543 350 6980 6655 6444 4415 7201 2442 6765 8441 9439 38 2028 1069 2825 2973 8378 6945 7889 729 1840 5842 4164 8276 500 6886 6109 9613 4981 7354 3355 3531 8114 7214 47 6787 
27 5254 1425 8835 2766 7769 2036 472 6756 6556 1317 4079 2887 8242 1876 3499 1763 6758 3523 7311 2109 4653 3111 6161 5449 127 3159 4832 
30 2304 2350 5613 1285 1387 3316 4104 6395 9821 4185 4401 3167 3839 2888 153 5198 2972 9911 1374 3561 857 7017 6181 1235 7270 3474 2667 2054 8402 4585 
30 7864 2512 961 1807 3911 5005 8565 7708 1441 4452 868 2935 7651 3544 9552 9187 2645 8397 1274 1026 8088 7619 9102 9778 4008 3589 9374 4552 1473 7537 
29 3709 8546 3735 1890 747 6871 7026 7866 2843 7082 2525 2852 8185 4280 9119 7035 8254 6772 5565 2419 213 6387 932 8430 4459 2214 1279 3642 4037 
28 7015 6748 1554 8232 7084 563 8897 8572 3388 780 6309 4679 2859 2056 1147 7696 8610 4930 6226 2692 8142 1230 5421 4439 2544 8715 3074 419 
31 1660 7794 5914 1704 42 9777 132 3984 1241 4248 9892 670 7928 546 2426 8200 799 7692 4709 2035 716 2292 7818 7445 3214 9904 9108 7837 3959 1990 8443 
